[2026-02-05T00:00:03.228+0000] {processor.py:161} INFO - Started process (PID=2833) to work on /opt/airflow/dags/00_hello_airflow.py
[2026-02-05T00:00:03.229+0000] {processor.py:830} INFO - Processing file /opt/airflow/dags/00_hello_airflow.py for tasks to queue
[2026-02-05T00:00:03.230+0000] {logging_mixin.py:188} INFO - [2026-02-05T00:00:03.229+0000] {dagbag.py:538} INFO - Filling up the DagBag from /opt/airflow/dags/00_hello_airflow.py
[2026-02-05T00:00:03.263+0000] {processor.py:840} INFO - DAG(s) '00_hello_airflow' retrieved from /opt/airflow/dags/00_hello_airflow.py
[2026-02-05T00:00:03.288+0000] {logging_mixin.py:188} INFO - [2026-02-05T00:00:03.288+0000] {dag.py:3036} INFO - Sync 1 DAGs
[2026-02-05T00:00:03.297+0000] {logging_mixin.py:188} INFO - [2026-02-05T00:00:03.297+0000] {dag.py:3823} INFO - Setting next_dagrun for 00_hello_airflow to None, run_after=None
[2026-02-05T00:00:03.317+0000] {processor.py:183} INFO - Processing /opt/airflow/dags/00_hello_airflow.py took 0.092 seconds
[2026-02-05T00:00:33.413+0000] {processor.py:161} INFO - Started process (PID=2838) to work on /opt/airflow/dags/00_hello_airflow.py
[2026-02-05T00:00:33.414+0000] {processor.py:830} INFO - Processing file /opt/airflow/dags/00_hello_airflow.py for tasks to queue
[2026-02-05T00:00:33.415+0000] {logging_mixin.py:188} INFO - [2026-02-05T00:00:33.414+0000] {dagbag.py:538} INFO - Filling up the DagBag from /opt/airflow/dags/00_hello_airflow.py
[2026-02-05T00:00:33.431+0000] {processor.py:840} INFO - DAG(s) '00_hello_airflow' retrieved from /opt/airflow/dags/00_hello_airflow.py
[2026-02-05T00:00:33.456+0000] {logging_mixin.py:188} INFO - [2026-02-05T00:00:33.456+0000] {dag.py:3036} INFO - Sync 1 DAGs
[2026-02-05T00:00:33.466+0000] {logging_mixin.py:188} INFO - [2026-02-05T00:00:33.465+0000] {dag.py:3823} INFO - Setting next_dagrun for 00_hello_airflow to None, run_after=None
[2026-02-05T00:00:33.479+0000] {processor.py:183} INFO - Processing /opt/airflow/dags/00_hello_airflow.py took 0.071 seconds
[2026-02-05T00:01:03.657+0000] {processor.py:161} INFO - Started process (PID=2843) to work on /opt/airflow/dags/00_hello_airflow.py
[2026-02-05T00:01:03.658+0000] {processor.py:830} INFO - Processing file /opt/airflow/dags/00_hello_airflow.py for tasks to queue
[2026-02-05T00:01:03.659+0000] {logging_mixin.py:188} INFO - [2026-02-05T00:01:03.658+0000] {dagbag.py:538} INFO - Filling up the DagBag from /opt/airflow/dags/00_hello_airflow.py
[2026-02-05T00:01:03.676+0000] {processor.py:840} INFO - DAG(s) '00_hello_airflow' retrieved from /opt/airflow/dags/00_hello_airflow.py
[2026-02-05T00:01:03.700+0000] {logging_mixin.py:188} INFO - [2026-02-05T00:01:03.700+0000] {dag.py:3036} INFO - Sync 1 DAGs
[2026-02-05T00:01:03.708+0000] {logging_mixin.py:188} INFO - [2026-02-05T00:01:03.707+0000] {dag.py:3823} INFO - Setting next_dagrun for 00_hello_airflow to None, run_after=None
[2026-02-05T00:01:03.727+0000] {processor.py:183} INFO - Processing /opt/airflow/dags/00_hello_airflow.py took 0.072 seconds
[2026-02-05T00:01:33.846+0000] {processor.py:161} INFO - Started process (PID=2848) to work on /opt/airflow/dags/00_hello_airflow.py
[2026-02-05T00:01:33.846+0000] {processor.py:830} INFO - Processing file /opt/airflow/dags/00_hello_airflow.py for tasks to queue
[2026-02-05T00:01:33.847+0000] {logging_mixin.py:188} INFO - [2026-02-05T00:01:33.847+0000] {dagbag.py:538} INFO - Filling up the DagBag from /opt/airflow/dags/00_hello_airflow.py
[2026-02-05T00:01:33.863+0000] {processor.py:840} INFO - DAG(s) '00_hello_airflow' retrieved from /opt/airflow/dags/00_hello_airflow.py
[2026-02-05T00:01:33.891+0000] {logging_mixin.py:188} INFO - [2026-02-05T00:01:33.891+0000] {dag.py:3036} INFO - Sync 1 DAGs
[2026-02-05T00:01:33.900+0000] {logging_mixin.py:188} INFO - [2026-02-05T00:01:33.900+0000] {dag.py:3823} INFO - Setting next_dagrun for 00_hello_airflow to None, run_after=None
[2026-02-05T00:01:33.920+0000] {processor.py:183} INFO - Processing /opt/airflow/dags/00_hello_airflow.py took 0.077 seconds
